[I 2024-05-18 17:59:22.265 ServerApp] jupyter_lsp | extension was successfully linked.
[I 2024-05-18 17:59:22.274 ServerApp] jupyter_server_mathjax | extension was successfully linked.
[I 2024-05-18 17:59:22.282 ServerApp] jupyter_server_terminals | extension was successfully linked.
[I 2024-05-18 17:59:22.292 ServerApp] jupyterlab | extension was successfully linked.
[I 2024-05-18 17:59:22.292 ServerApp] nbdime | extension was successfully linked.
[I 2024-05-18 17:59:22.302 ServerApp] notebook | extension was successfully linked.
[I 2024-05-18 17:59:22.616 ServerApp] notebook_shim | extension was successfully linked.
[I 2024-05-18 17:59:22.617 ServerApp] panel.io.jupyter_server_extension | extension was successfully linked.
[I 2024-05-18 17:59:22.646 ServerApp] notebook_shim | extension was successfully loaded.
[I 2024-05-18 17:59:22.650 ServerApp] jupyter_lsp | extension was successfully loaded.
[I 2024-05-18 17:59:22.651 ServerApp] jupyter_server_mathjax | extension was successfully loaded.
[I 2024-05-18 17:59:22.652 ServerApp] jupyter_server_terminals | extension was successfully loaded.
[I 2024-05-18 17:59:22.656 LabApp] JupyterLab extension loaded from /home/potato/miniconda3/envs/keras/lib/python3.10/site-packages/jupyterlab
[I 2024-05-18 17:59:22.656 LabApp] JupyterLab application directory is /home/potato/miniconda3/envs/keras/share/jupyter/lab
[I 2024-05-18 17:59:22.657 LabApp] Extension Manager is 'pypi'.
[I 2024-05-18 17:59:22.726 ServerApp] jupyterlab | extension was successfully loaded.
[I 2024-05-18 17:59:22.802 ServerApp] nbdime | extension was successfully loaded.
[I 2024-05-18 17:59:22.808 ServerApp] notebook | extension was successfully loaded.
[I 2024-05-18 17:59:22.810 ServerApp] panel.io.jupyter_server_extension | extension was successfully loaded.
[I 2024-05-18 17:59:22.810 ServerApp] The port 1234 is already in use, trying another port.
[I 2024-05-18 17:59:22.811 ServerApp] Serving notebooks from local directory: /home/potato/sentinel
[I 2024-05-18 17:59:22.811 ServerApp] Jupyter Server 2.10.0 is running at:
[I 2024-05-18 17:59:22.811 ServerApp] http://localhost:1235/lab?token=76ad453eb769c3190e9673a8b0a35129803ce6620c813f3b
[I 2024-05-18 17:59:22.811 ServerApp]     http://127.0.0.1:1235/lab?token=76ad453eb769c3190e9673a8b0a35129803ce6620c813f3b
[I 2024-05-18 17:59:22.811 ServerApp] Use Control-C to stop this server and shut down all kernels (twice to skip confirmation).
[C 2024-05-18 17:59:22.815 ServerApp] 
    
    To access the server, open this file in a browser:
        file:///home/potato/.local/share/jupyter/runtime/jpserver-10223-open.html
    Or copy and paste one of these URLs:
        http://localhost:1235/lab?token=76ad453eb769c3190e9673a8b0a35129803ce6620c813f3b
        http://127.0.0.1:1235/lab?token=76ad453eb769c3190e9673a8b0a35129803ce6620c813f3b
[I 2024-05-18 17:59:22.852 ServerApp] Skipped non-installed server(s): bash-language-server, dockerfile-language-server-nodejs, javascript-typescript-langserver, jedi-language-server, julia-language-server, pyright, python-language-server, python-lsp-server, r-languageserver, sql-language-server, texlab, typescript-language-server, unified-language-server, vscode-css-languageserver-bin, vscode-html-languageserver-bin, vscode-json-languageserver-bin, yaml-language-server
[I 2024-05-18 18:19:23.345 ServerApp] jupyter_lsp | extension was successfully linked.
[I 2024-05-18 18:19:23.348 ServerApp] jupyter_server_mathjax | extension was successfully linked.
[I 2024-05-18 18:19:23.351 ServerApp] jupyter_server_terminals | extension was successfully linked.
[I 2024-05-18 18:19:23.355 ServerApp] jupyterlab | extension was successfully linked.
[I 2024-05-18 18:19:23.355 ServerApp] nbdime | extension was successfully linked.
[I 2024-05-18 18:19:23.358 ServerApp] notebook | extension was successfully linked.
[I 2024-05-18 18:19:23.488 ServerApp] notebook_shim | extension was successfully linked.
[I 2024-05-18 18:19:23.488 ServerApp] panel.io.jupyter_server_extension | extension was successfully linked.
[I 2024-05-18 18:19:23.499 ServerApp] notebook_shim | extension was successfully loaded.
[I 2024-05-18 18:19:23.501 ServerApp] jupyter_lsp | extension was successfully loaded.
[I 2024-05-18 18:19:23.501 ServerApp] jupyter_server_mathjax | extension was successfully loaded.
[I 2024-05-18 18:19:23.502 ServerApp] jupyter_server_terminals | extension was successfully loaded.
[I 2024-05-18 18:19:23.504 LabApp] JupyterLab extension loaded from /home/potato/miniconda3/envs/keras/lib/python3.10/site-packages/jupyterlab
[I 2024-05-18 18:19:23.504 LabApp] JupyterLab application directory is /home/potato/miniconda3/envs/keras/share/jupyter/lab
[I 2024-05-18 18:19:23.504 LabApp] Extension Manager is 'pypi'.
[I 2024-05-18 18:19:23.530 ServerApp] jupyterlab | extension was successfully loaded.
[I 2024-05-18 18:19:23.563 ServerApp] nbdime | extension was successfully loaded.
[I 2024-05-18 18:19:23.565 ServerApp] notebook | extension was successfully loaded.
[I 2024-05-18 18:19:23.566 ServerApp] panel.io.jupyter_server_extension | extension was successfully loaded.
[I 2024-05-18 18:19:23.566 ServerApp] Serving notebooks from local directory: /home/potato/sentinel
[I 2024-05-18 18:19:23.566 ServerApp] Jupyter Server 2.10.0 is running at:
[I 2024-05-18 18:19:23.566 ServerApp] http://localhost:1234/lab?token=d7368cb0963ce0037f9eee6a1be89b5864d7dd387a516555
[I 2024-05-18 18:19:23.566 ServerApp]     http://127.0.0.1:1234/lab?token=d7368cb0963ce0037f9eee6a1be89b5864d7dd387a516555
[I 2024-05-18 18:19:23.566 ServerApp] Use Control-C to stop this server and shut down all kernels (twice to skip confirmation).
[C 2024-05-18 18:19:23.568 ServerApp] 
    
    To access the server, open this file in a browser:
        file:///home/potato/.local/share/jupyter/runtime/jpserver-10811-open.html
    Or copy and paste one of these URLs:
        http://localhost:1234/lab?token=d7368cb0963ce0037f9eee6a1be89b5864d7dd387a516555
        http://127.0.0.1:1234/lab?token=d7368cb0963ce0037f9eee6a1be89b5864d7dd387a516555
[I 2024-05-18 18:19:23.583 ServerApp] Skipped non-installed server(s): bash-language-server, dockerfile-language-server-nodejs, javascript-typescript-langserver, jedi-language-server, julia-language-server, pyright, python-language-server, python-lsp-server, r-languageserver, sql-language-server, texlab, typescript-language-server, unified-language-server, vscode-css-languageserver-bin, vscode-html-languageserver-bin, vscode-json-languageserver-bin, yaml-language-server
[I 2024-05-18 18:20:43.239 ServerApp] Interrupted...
[I 2024-05-18 18:23:55.214 ServerApp] jupyter_lsp | extension was successfully linked.
[I 2024-05-18 18:23:55.217 ServerApp] jupyter_server_mathjax | extension was successfully linked.
[I 2024-05-18 18:23:55.220 ServerApp] jupyter_server_terminals | extension was successfully linked.
[I 2024-05-18 18:23:55.224 ServerApp] jupyterlab | extension was successfully linked.
[I 2024-05-18 18:23:55.224 ServerApp] nbdime | extension was successfully linked.
[I 2024-05-18 18:23:55.227 ServerApp] notebook | extension was successfully linked.
[I 2024-05-18 18:23:55.357 ServerApp] notebook_shim | extension was successfully linked.
[I 2024-05-18 18:23:55.357 ServerApp] panel.io.jupyter_server_extension | extension was successfully linked.
[I 2024-05-18 18:23:55.369 ServerApp] notebook_shim | extension was successfully loaded.
[I 2024-05-18 18:23:55.370 ServerApp] jupyter_lsp | extension was successfully loaded.
[I 2024-05-18 18:23:55.371 ServerApp] jupyter_server_mathjax | extension was successfully loaded.
[I 2024-05-18 18:23:55.371 ServerApp] jupyter_server_terminals | extension was successfully loaded.
[I 2024-05-18 18:23:55.373 LabApp] JupyterLab extension loaded from /home/potato/miniconda3/envs/keras/lib/python3.10/site-packages/jupyterlab
[I 2024-05-18 18:23:55.373 LabApp] JupyterLab application directory is /home/potato/miniconda3/envs/keras/share/jupyter/lab
[I 2024-05-18 18:23:55.373 LabApp] Extension Manager is 'pypi'.
[I 2024-05-18 18:23:55.400 ServerApp] jupyterlab | extension was successfully loaded.
[I 2024-05-18 18:23:55.432 ServerApp] nbdime | extension was successfully loaded.
[I 2024-05-18 18:23:55.435 ServerApp] notebook | extension was successfully loaded.
[I 2024-05-18 18:23:55.435 ServerApp] panel.io.jupyter_server_extension | extension was successfully loaded.
[I 2024-05-18 18:23:55.436 ServerApp] Serving notebooks from local directory: /home/potato/sentinel
[I 2024-05-18 18:23:55.436 ServerApp] Jupyter Server 2.10.0 is running at:
[I 2024-05-18 18:23:55.436 ServerApp] http://localhost:1234/lab?token=7d8875fae1526465d44a54a0a9a3b7e7a822369dd089fe89
[I 2024-05-18 18:23:55.436 ServerApp]     http://127.0.0.1:1234/lab?token=7d8875fae1526465d44a54a0a9a3b7e7a822369dd089fe89
[I 2024-05-18 18:23:55.436 ServerApp] Use Control-C to stop this server and shut down all kernels (twice to skip confirmation).
[C 2024-05-18 18:23:55.437 ServerApp] 
    
    To access the server, open this file in a browser:
        file:///home/potato/.local/share/jupyter/runtime/jpserver-10843-open.html
    Or copy and paste one of these URLs:
        http://localhost:1234/lab?token=7d8875fae1526465d44a54a0a9a3b7e7a822369dd089fe89
        http://127.0.0.1:1234/lab?token=7d8875fae1526465d44a54a0a9a3b7e7a822369dd089fe89
[I 2024-05-18 18:23:55.453 ServerApp] Skipped non-installed server(s): bash-language-server, dockerfile-language-server-nodejs, javascript-typescript-langserver, jedi-language-server, julia-language-server, pyright, python-language-server, python-lsp-server, r-languageserver, sql-language-server, texlab, typescript-language-server, unified-language-server, vscode-css-languageserver-bin, vscode-html-languageserver-bin, vscode-json-languageserver-bin, yaml-language-server
[I 2024-05-18 18:24:07.326 ServerApp] Shutting down on /api/shutdown request.
[I 2024-05-18 18:24:07.326 ServerApp] Shutting down 8 extensions
[I 2024-05-18 18:24:12.411 ServerApp] jupyter_lsp | extension was successfully linked.
[I 2024-05-18 18:24:12.414 ServerApp] jupyter_server_mathjax | extension was successfully linked.
[I 2024-05-18 18:24:12.417 ServerApp] jupyter_server_terminals | extension was successfully linked.
[I 2024-05-18 18:24:12.421 ServerApp] jupyterlab | extension was successfully linked.
[I 2024-05-18 18:24:12.421 ServerApp] nbdime | extension was successfully linked.
[I 2024-05-18 18:24:12.425 ServerApp] notebook | extension was successfully linked.
[I 2024-05-18 18:24:12.554 ServerApp] notebook_shim | extension was successfully linked.
[I 2024-05-18 18:24:12.555 ServerApp] panel.io.jupyter_server_extension | extension was successfully linked.
[I 2024-05-18 18:24:12.566 ServerApp] notebook_shim | extension was successfully loaded.
[I 2024-05-18 18:24:12.568 ServerApp] jupyter_lsp | extension was successfully loaded.
[I 2024-05-18 18:24:12.568 ServerApp] jupyter_server_mathjax | extension was successfully loaded.
[I 2024-05-18 18:24:12.569 ServerApp] jupyter_server_terminals | extension was successfully loaded.
[I 2024-05-18 18:24:12.570 LabApp] JupyterLab extension loaded from /home/potato/miniconda3/envs/keras/lib/python3.10/site-packages/jupyterlab
[I 2024-05-18 18:24:12.570 LabApp] JupyterLab application directory is /home/potato/miniconda3/envs/keras/share/jupyter/lab
[I 2024-05-18 18:24:12.570 LabApp] Extension Manager is 'pypi'.
[I 2024-05-18 18:24:12.597 ServerApp] jupyterlab | extension was successfully loaded.
[I 2024-05-18 18:24:12.629 ServerApp] nbdime | extension was successfully loaded.
[I 2024-05-18 18:24:12.632 ServerApp] notebook | extension was successfully loaded.
[I 2024-05-18 18:24:12.633 ServerApp] panel.io.jupyter_server_extension | extension was successfully loaded.
[I 2024-05-18 18:24:12.633 ServerApp] Serving notebooks from local directory: /home/potato/sentinel
[I 2024-05-18 18:24:12.633 ServerApp] Jupyter Server 2.10.0 is running at:
[I 2024-05-18 18:24:12.633 ServerApp] http://localhost:1234/lab?token=12611fca6a2ae416d60331a4a260aae442ad61fc3d7eab3a
[I 2024-05-18 18:24:12.633 ServerApp]     http://127.0.0.1:1234/lab?token=12611fca6a2ae416d60331a4a260aae442ad61fc3d7eab3a
[I 2024-05-18 18:24:12.633 ServerApp] Use Control-C to stop this server and shut down all kernels (twice to skip confirmation).
[C 2024-05-18 18:24:12.635 ServerApp] 
    
    To access the server, open this file in a browser:
        file:///home/potato/.local/share/jupyter/runtime/jpserver-10851-open.html
    Or copy and paste one of these URLs:
        http://localhost:1234/lab?token=12611fca6a2ae416d60331a4a260aae442ad61fc3d7eab3a
        http://127.0.0.1:1234/lab?token=12611fca6a2ae416d60331a4a260aae442ad61fc3d7eab3a
[I 2024-05-18 18:24:12.650 ServerApp] Skipped non-installed server(s): bash-language-server, dockerfile-language-server-nodejs, javascript-typescript-langserver, jedi-language-server, julia-language-server, pyright, python-language-server, python-lsp-server, r-languageserver, sql-language-server, texlab, typescript-language-server, unified-language-server, vscode-css-languageserver-bin, vscode-html-languageserver-bin, vscode-json-languageserver-bin, yaml-language-server
[I 2024-05-18 18:25:04.580 ServerApp] jupyter_lsp | extension was successfully linked.
[I 2024-05-18 18:25:04.584 ServerApp] jupyter_server_mathjax | extension was successfully linked.
[I 2024-05-18 18:25:04.587 ServerApp] jupyter_server_terminals | extension was successfully linked.
[I 2024-05-18 18:25:04.590 ServerApp] jupyterlab | extension was successfully linked.
[I 2024-05-18 18:25:04.590 ServerApp] nbdime | extension was successfully linked.
[I 2024-05-18 18:25:04.594 ServerApp] notebook | extension was successfully linked.
[I 2024-05-18 18:25:04.723 ServerApp] notebook_shim | extension was successfully linked.
[I 2024-05-18 18:25:04.723 ServerApp] panel.io.jupyter_server_extension | extension was successfully linked.
[I 2024-05-18 18:25:04.735 ServerApp] notebook_shim | extension was successfully loaded.
[I 2024-05-18 18:25:04.736 ServerApp] jupyter_lsp | extension was successfully loaded.
[I 2024-05-18 18:25:04.737 ServerApp] jupyter_server_mathjax | extension was successfully loaded.
[I 2024-05-18 18:25:04.737 ServerApp] jupyter_server_terminals | extension was successfully loaded.
[I 2024-05-18 18:25:04.739 LabApp] JupyterLab extension loaded from /home/potato/miniconda3/envs/keras/lib/python3.10/site-packages/jupyterlab
[I 2024-05-18 18:25:04.739 LabApp] JupyterLab application directory is /home/potato/miniconda3/envs/keras/share/jupyter/lab
[I 2024-05-18 18:25:04.739 LabApp] Extension Manager is 'pypi'.
[I 2024-05-18 18:25:04.766 ServerApp] jupyterlab | extension was successfully loaded.
[I 2024-05-18 18:25:04.798 ServerApp] nbdime | extension was successfully loaded.
[I 2024-05-18 18:25:04.801 ServerApp] notebook | extension was successfully loaded.
[I 2024-05-18 18:25:04.801 ServerApp] panel.io.jupyter_server_extension | extension was successfully loaded.
[I 2024-05-18 18:25:04.802 ServerApp] The port 1234 is already in use, trying another port.
[I 2024-05-18 18:25:04.802 ServerApp] The port 1235 is already in use, trying another port.
[I 2024-05-18 18:25:04.802 ServerApp] Serving notebooks from local directory: /home/potato/sentinel
[I 2024-05-18 18:25:04.802 ServerApp] Jupyter Server 2.10.0 is running at:
[I 2024-05-18 18:25:04.802 ServerApp] http://localhost:1236/lab?token=88aefe65f6ddd4e4bc1dd2d9345cc5976a03ef15fc6fca71
[I 2024-05-18 18:25:04.802 ServerApp]     http://127.0.0.1:1236/lab?token=88aefe65f6ddd4e4bc1dd2d9345cc5976a03ef15fc6fca71
[I 2024-05-18 18:25:04.802 ServerApp] Use Control-C to stop this server and shut down all kernels (twice to skip confirmation).
[C 2024-05-18 18:25:04.804 ServerApp] 
    
    To access the server, open this file in a browser:
        file:///home/potato/.local/share/jupyter/runtime/jpserver-10873-open.html
    Or copy and paste one of these URLs:
        http://localhost:1236/lab?token=88aefe65f6ddd4e4bc1dd2d9345cc5976a03ef15fc6fca71
        http://127.0.0.1:1236/lab?token=88aefe65f6ddd4e4bc1dd2d9345cc5976a03ef15fc6fca71
[I 2024-05-18 18:25:04.819 ServerApp] Skipped non-installed server(s): bash-language-server, dockerfile-language-server-nodejs, javascript-typescript-langserver, jedi-language-server, julia-language-server, pyright, python-language-server, python-lsp-server, r-languageserver, sql-language-server, texlab, typescript-language-server, unified-language-server, vscode-css-languageserver-bin, vscode-html-languageserver-bin, vscode-json-languageserver-bin, yaml-language-server
[I 2024-05-18 18:26:02.831 ServerApp] Shutting down on /api/shutdown request.
[I 2024-05-18 18:26:02.832 ServerApp] Shutting down 8 extensions
[C 2024-05-18 18:26:51.982 ServerApp] received signal 15, stopping
[I 2024-05-18 18:26:51.983 ServerApp] Shutting down 8 extensions
[C 2024-05-18 18:26:51.983 ServerApp] received signal 15, stopping
[I 2024-05-18 18:26:51.983 ServerApp] Shutting down 8 extensions
